Arguments: 
  C:\Program Files\nodejs\node.exe C:\Program Files (x86)\Yarn\bin\yarn.js

PATH: 
  C:\Users\LC\bin;C:\Program Files\Git\mingw64\bin;C:\Program Files\Git\usr\local\bin;C:\Program Files\Git\usr\bin;C:\Program Files\Git\usr\bin;C:\Program Files\Git\mingw64\bin;C:\Program Files\Git\usr\bin;C:\Users\LC\bin;C:\Program Files (x86)\Common Files\Oracle\Java\javapath;C:\Python27;C:\Python27\Scripts;C:\Windows\system32;C:\Windows;C:\Windows\System32\Wbem;C:\Windows\System32\WindowsPowerShell\v1.0;C:\Windows\System32\OpenSSH;C:\Program Files\NVIDIA Corporation\NVIDIA NvDLISR;C:\ProgramData\chocolatey\bin;C:\Program Files (x86)\Yarn\bin;C:\Program Files\Git\cmd;C:\Users\LC\AppData\Roaming\nvm;C:\Program Files\nodejs;D:\AndroidSDK\platform-tools;D:\AndroidSDK\emulator;D:\AndroidSDK\tools;D:\AndroidSDK\tools\bin;C:\Python27;C:\Program Files\Java\jdk1.8.0_241\bin;C:\WINDOWS\system32;C:\WINDOWS;C:\WINDOWS\System32\Wbem;C:\WINDOWS\System32\WindowsPowerShell\v1.0;C:\WINDOWS\System32\OpenSSH;D:\Program Files;C:\Program Files\dotnet;D:\微信web开发者工具\dll;C:\Users\LC\AppData\Local\pnpm;C:\Users\LC\scoop\shims;C:\Users\LC\AppData\Local\Microsoft\WindowsApps;D:\WebStorm 2019.3.4\bin;C:\Users\LC\AppData\Local\Programs\Microsoft VS Code\bin;C:\Users\LC\AppData\Roaming\npm;C:\Users\LC\AppData\Local\Yarn\bin;C:\Users\LC\AppData\Local\GitHubDesktop\bin;C:\Users\LC\AppData\Roaming\nvm;C:\Program Files\nodejs;C:\Users\LC\AppData\Local\Microsoft\WindowsApps;C:\Program Files\Git\usr\bin\vendor_perl;C:\Program Files\Git\usr\bin\core_perl;node_modules\.bin;C:\Users\LC\Downloads\ffmpeg-win-2.2.2

Yarn version: 
  1.22.4

Node version: 
  14.17.0

Platform: 
  win32 x64

Trace: 
  Error: ENOENT: no such file or directory, copyfile 'C:\Users\LC\AppData\Local\Yarn\Cache\v6\npm-ansi-styles-4.3.0-edd803628ae71c04c85ae7a0906edad34b648937-integrity\node_modules\ansi-styles\index.d.ts' -> 'D:\personal-projects\tomato-editor-design\node_modules\vite-plugin-react-pages\node_modules\ansi-styles\index.d.ts'

npm manifest: 
  {
    "name": "@jay.kou/tomato-editor-design",
    "description": "番茄编辑器组件",
    "private": false,
    "version": "0.0.6",
    "license": "ISC",
    "files": [
      "dist",
      "src"
    ],
    "main": "./dist/tomato-editor-design.umd.js",
    "module": "./dist/tomato-editor-design.es.js",
    "typings": "./dist/index.d.ts",
    "scripts": {
      "dev": "cross-env SHOW_ALL_COMPONENT_DEMOS=false vite serve docs",
      "docBuild": "rm -rf docs/dist && vite build docs && serve -s docs/dist",
      "build": "rm -rf dist/* && tsc && vite build",
      "publish": "npm publish --access public",
      "ssr": "rm -rf docs/dist && vite-pages ssr docs && serve docs/dist"
    },
    "dependencies": {
      "classnames": "^2.3.1",
      "react": "^17.0.1",
      "react-dom": "^17.0.1",
      "react-icons": "^4.3.1",
      "react-router-dom": "^5.2.0"
    },
    "devDependencies": {
      "@babel/core": "^7.0.0",
      "@mdx-js/mdx": "^1.6.22",
      "@mdx-js/react": "^1.6.22",
      "@types/node": "^14.14.37",
      "@types/react": "^17.0.3",
      "@types/react-router-dom": "^5.1.7",
      "@vitejs/plugin-react": "^1.3.2",
      "cross-env": "^7.0.3",
      "postcss": "^8.2.15",
      "serve": "^12.0.1",
      "typescript": "^4.7.2",
      "vite": "^2.5.6",
      "vite-pages-theme-doc": "^3.1.4",
      "vite-plugin-mdx": "^3.5.6",
      "vite-plugin-react-pages": "^3.1.8"
    }
  }

yarn manifest: 
  No manifest

Lockfile: 
  No lockfile
